@!@!@STARTMSG 2262:0 @!@!@
TLC2 Version 2.16 of 31 December 2020 (rev: cdddf55)
@!@!@ENDMSG 2262 @!@!@
@!@!@STARTMSG 2187:0 @!@!@
Running breadth-first search Model-Checking with fp 63 and seed -2927408715834416792 with 1 worker on 4 cores with 1204MB heap and 2705MB offheap memory [pid: 33120] (Windows 10 10.0 amd64, AdoptOpenJDK 14.0.1 x86_64, OffHeapDiskFPSet, DiskStateQueue).
@!@!@ENDMSG 2187 @!@!@
@!@!@STARTMSG 2220:0 @!@!@
Starting SANY...
@!@!@ENDMSG 2220 @!@!@
Parsing file C:\lamport\tla\web\tutorial\Session6.toolbox\Model_1\MC.tla
Parsing file C:\lamport\tla\web\tutorial\Session6.toolbox\Model_1\Session6.tla
Parsing file C:\lamport\mytemp\toolbox\TLAToolbox-1.7.0-win32.win32.x86_64\toolbox\plugins\org.lamport.tlatools_1.0.0.202012311918\tla2sany\StandardModules\TLC.tla
Parsing file C:\lamport\mytemp\toolbox\TLAToolbox-1.7.0-win32.win32.x86_64\toolbox\plugins\org.lamport.tlatools_1.0.0.202012311918\tla2sany\StandardModules\Integers.tla
Parsing file C:\lamport\mytemp\toolbox\TLAToolbox-1.7.0-win32.win32.x86_64\toolbox\plugins\org.lamport.tlatools_1.0.0.202012311918\tla2sany\StandardModules\Naturals.tla
Parsing file C:\lamport\mytemp\toolbox\TLAToolbox-1.7.0-win32.win32.x86_64\toolbox\plugins\org.lamport.tlatools_1.0.0.202012311918\tla2sany\StandardModules\Sequences.tla
Parsing file C:\lamport\mytemp\toolbox\TLAToolbox-1.7.0-win32.win32.x86_64\toolbox\plugins\org.lamport.tlatools_1.0.0.202012311918\tla2sany\StandardModules\FiniteSets.tla
Semantic processing of module Naturals
Semantic processing of module Integers
Semantic processing of module Sequences
Semantic processing of module FiniteSets
Semantic processing of module TLC
Semantic processing of module Session6
Semantic processing of module MC
@!@!@STARTMSG 2219:0 @!@!@
SANY finished.
@!@!@ENDMSG 2219 @!@!@
@!@!@STARTMSG 2185:0 @!@!@
Starting... (2021-01-17 16:21:41)
@!@!@ENDMSG 2185 @!@!@
@!@!@STARTMSG 2189:0 @!@!@
Computing initial states...
@!@!@ENDMSG 2189 @!@!@
@!@!@STARTMSG 2190:0 @!@!@
Finished computing initial states: 1 distinct state generated at 2021-01-17 16:21:42.
@!@!@ENDMSG 2190 @!@!@
@!@!@STARTMSG 2193:0 @!@!@
Model checking completed. No error has been found.
  Estimates of the probability that TLC did not check all reachable states
  because two distinct states had the same fingerprint:
  calculated (optimistic):  val = 3.3E-19
@!@!@ENDMSG 2193 @!@!@
@!@!@STARTMSG 2201:0 @!@!@
The coverage statistics at 2021-01-17 16:21:42
@!@!@ENDMSG 2201 @!@!@
@!@!@STARTMSG 2773:0 @!@!@
<Init line 24, col 1 to line 24, col 4 of module Session6>: 1:1
@!@!@ENDMSG 2773 @!@!@
@!@!@STARTMSG 2221:0 @!@!@
  line 25, col 9 to line 27, col 19 of module Session6: 1
@!@!@ENDMSG 2221 @!@!@
@!@!@STARTMSG 2772:0 @!@!@
<a line 29, col 1 to line 29, col 1 of module Session6>: 3:3
@!@!@ENDMSG 2772 @!@!@
@!@!@STARTMSG 2221:0 @!@!@
  line 29, col 9 to line 29, col 16 of module Session6: 9
@!@!@ENDMSG 2221 @!@!@
@!@!@STARTMSG 2221:0 @!@!@
  |line 29, col 9 to line 29, col 10 of module Session6: 6
@!@!@ENDMSG 2221 @!@!@
@!@!@STARTMSG 2221:0 @!@!@
  line 30, col 12 to line 30, col 16 of module Session6: 3
@!@!@ENDMSG 2221 @!@!@
@!@!@STARTMSG 2221:0 @!@!@
  line 31, col 17 to line 32, col 28 of module Session6: 2
@!@!@ENDMSG 2221 @!@!@
@!@!@STARTMSG 2221:0 @!@!@
  line 33, col 17 to line 34, col 25 of module Session6: 1
@!@!@ENDMSG 2221 @!@!@
@!@!@STARTMSG 2221:0 @!@!@
  line 35, col 9 to line 35, col 14 of module Session6: 3
@!@!@ENDMSG 2221 @!@!@
@!@!@STARTMSG 2772:0 @!@!@
<b line 37, col 1 to line 37, col 1 of module Session6>: 2:2
@!@!@ENDMSG 2772 @!@!@
@!@!@STARTMSG 2221:0 @!@!@
  line 37, col 9 to line 37, col 16 of module Session6: 8
@!@!@ENDMSG 2221 @!@!@
@!@!@STARTMSG 2221:0 @!@!@
  |line 37, col 9 to line 37, col 10 of module Session6: 6
@!@!@ENDMSG 2221 @!@!@
@!@!@STARTMSG 2221:0 @!@!@
  line 38, col 9 to line 38, col 26 of module Session6: 2
@!@!@ENDMSG 2221 @!@!@
@!@!@STARTMSG 2221:0 @!@!@
  line 39, col 9 to line 39, col 17 of module Session6: 2
@!@!@ENDMSG 2221 @!@!@
@!@!@STARTMSG 2221:0 @!@!@
  line 40, col 9 to line 40, col 14 of module Session6: 2
@!@!@ENDMSG 2221 @!@!@
@!@!@STARTMSG 2772:0 @!@!@
<Terminating line 43, col 1 to line 43, col 11 of module Session6>: 0:1
@!@!@ENDMSG 2772 @!@!@
@!@!@STARTMSG 2221:0 @!@!@
  line 43, col 16 to line 43, col 26 of module Session6: 7
@!@!@ENDMSG 2221 @!@!@
@!@!@STARTMSG 2221:0 @!@!@
  |line 43, col 16 to line 43, col 17 of module Session6: 6
@!@!@ENDMSG 2221 @!@!@
@!@!@STARTMSG 2221:0 @!@!@
  line 43, col 31 to line 43, col 44 of module Session6: 1
@!@!@ENDMSG 2221 @!@!@
@!@!@STARTMSG 2774:0 @!@!@
<inv_1610929300407403000 line 10, col 1 to line 10, col 23 of module MC>
@!@!@ENDMSG 2774 @!@!@
@!@!@STARTMSG 2221:0 @!@!@
  line 11, col 1 to line 11, col 26 of module MC: 6
@!@!@ENDMSG 2221 @!@!@
@!@!@STARTMSG 2221:0 @!@!@
  |line 11, col 2 to line 11, col 12 of module MC: 6
@!@!@ENDMSG 2221 @!@!@
@!@!@STARTMSG 2221:0 @!@!@
  |line 11, col 19 to line 11, col 25 of module MC: 1
@!@!@ENDMSG 2221 @!@!@
@!@!@STARTMSG 2202:0 @!@!@
End of statistics.
@!@!@ENDMSG 2202 @!@!@
@!@!@STARTMSG 2200:0 @!@!@
Progress(6) at 2021-01-17 16:21:42: 7 states generated (183 s/min), 6 distinct states found (157 ds/min), 0 states left on queue.
@!@!@ENDMSG 2200 @!@!@
@!@!@STARTMSG 2199:0 @!@!@
7 states generated, 6 distinct states found, 0 states left on queue.
@!@!@ENDMSG 2199 @!@!@
@!@!@STARTMSG 2194:0 @!@!@
The depth of the complete state graph search is 6.
@!@!@ENDMSG 2194 @!@!@
@!@!@STARTMSG 2268:0 @!@!@
The average outdegree of the complete state graph is 1 (minimum is 0, the maximum 1 and the 95th percentile is 1).
@!@!@ENDMSG 2268 @!@!@
@!@!@STARTMSG 2186:0 @!@!@
Finished in 2301ms at (2021-01-17 16:21:42)
@!@!@ENDMSG 2186 @!@!@
